<?xml version="1.0" encoding="utf-8"?><testsuites name="pytest tests"><testsuite name="pytest" errors="0" failures="0" skipped="0" tests="17" time="4.079" timestamp="2026-04-28T15:40:03.319110+00:00" hostname="agent-env-d8888ff5-5d12-4060-aaf8-366a15ce2132"><testcase classname="backend.tests.backend_test.TestAuth" name="test_login_success" time="0.567" /><testcase classname="backend.tests.backend_test.TestAuth" name="test_login_wrong_password" time="0.384" /><testcase classname="backend.tests.backend_test.TestAuth" name="test_me_with_cookie" time="0.427" /><testcase classname="backend.tests.backend_test.TestAuth" name="test_me_without_cookie" time="0.124" /><testcase classname="backend.tests.backend_test.TestAuth" name="test_register_new_user" time="0.340" /><testcase classname="backend.tests.backend_test.TestAuth" name="test_register_short_password" time="0.110" /><testcase classname="backend.tests.backend_test.TestMedidas" name="test_tags_protected" time="0.140" /><testcase classname="backend.tests.backend_test.TestMedidas" name="test_tags_returns_8" time="0.063" /><testcase classname="backend.tests.backend_test.TestStudents" name="test_protected_endpoints" time="0.451" /><testcase classname="backend.tests.backend_test.TestStudents" name="test_create_student" time="0.136" /><testcase classname="backend.tests.backend_test.TestStudents" name="test_invalid_idade" time="0.054" /><testcase classname="backend.tests.backend_test.TestStudents" name="test_list_no_id_leak" time="0.055" /><testcase classname="backend.tests.backend_test.TestStudents" name="test_filter_search" time="0.561" /><testcase classname="backend.tests.backend_test.TestStudents" name="test_update_student" time="0.133" /><testcase classname="backend.tests.backend_test.TestStudents" name="test_stats" time="0.065" /><testcase classname="backend.tests.backend_test.TestStudents" name="test_export_csv" time="0.066" /><testcase classname="backend.tests.backend_test.TestStudents" name="test_zz_delete_students" time="0.239" /></testsuite></testsuites>